[04 Mrz 2015 14:04:49][FTP.FTPConnection]: Cant get any data from the device
[04 Mrz 2015 14:04:59][FTP.FTPConnection]: Cant get any data from the device
[04 Mrz 2015 14:09:50][FTP.FTPConnection]: Cant get any data from the device
[04 Mrz 2015 14:10:00][FTP.FTPConnection]: Cant get any data from the device
[04 Mrz 2015 14:19:02][FTP.FTPConnection]: No connection possible
[04 Mrz 2015 14:19:02][FTP.FTPConnection]: Data Source ID: 815
[04 Mrz 2015 14:19:02][FTP.FTPConnection]: SSL: true 
[04 Mrz 2015 14:19:02][FTP.FTPConnection]: Server: ftps.kaust.edu.sa
[04 Mrz 2015 14:19:02][FTP.FTPConnection]: Port: 21  
[04 Mrz 2015 14:19:02][FTP.FTPConnection]: ConnectionTimeout: 200
[04 Mrz 2015 14:19:02][FTP.FTPConnection]: ReadTimeout: 500
[04 Mrz 2015 14:19:02][FTP.FTPConnection]: Username: taag_ext1
[04 Mrz 2015 14:19:02][FTP.FTPConnection]: Password: 3284
[04 Mrz 2015 14:19:02][FTP.FTPConnection]: Timezone: UTC
[04 Mrz 2015 14:19:02][FTP.FTPConnection]: Enabled: true
[04 Mrz 2015 14:19:02][connection.ConnectionHelper]: Error while searching a matching file
[04 Mrz 2015 14:19:02][connection.ConnectionHelper]: Folder: /TEL Data/
[04 Mrz 2015 14:19:02][connection.ConnectionHelper]: FileName: ${D:yyyyMMddHHmmss}.zip
[04 Mrz 2015 14:19:02][connection.ConnectionHelper]:           
[04 Mrz 2015 14:19:02][FTP.FTPConnection]: Cant get any data from the device
[04 Mrz 2015 14:19:12][FTP.FTPConnection]: No connection possible
[04 Mrz 2015 14:19:12][FTP.FTPConnection]: Data Source ID: 815
[04 Mrz 2015 14:19:12][FTP.FTPConnection]: SSL: true 
[04 Mrz 2015 14:19:12][FTP.FTPConnection]: Server: ftps.kaust.edu.sa
[04 Mrz 2015 14:19:12][FTP.FTPConnection]: Port: 21  
[04 Mrz 2015 14:19:12][FTP.FTPConnection]: ConnectionTimeout: 200
[04 Mrz 2015 14:19:12][FTP.FTPConnection]: ReadTimeout: 500
[04 Mrz 2015 14:19:12][FTP.FTPConnection]: Username: taag_ext1
[04 Mrz 2015 14:19:12][FTP.FTPConnection]: Password: 3284
[04 Mrz 2015 14:19:12][FTP.FTPConnection]: Timezone: UTC
[04 Mrz 2015 14:19:12][FTP.FTPConnection]: Enabled: true
[04 Mrz 2015 14:19:12][connection.ConnectionHelper]: Error while searching a matching file
[04 Mrz 2015 14:19:12][connection.ConnectionHelper]: Folder: /TEL Data/
[04 Mrz 2015 14:19:12][connection.ConnectionHelper]: FileName: ${D:yyyyMMddHHmmss}.zip
[04 Mrz 2015 14:19:12][connection.ConnectionHelper]:           
[04 Mrz 2015 14:19:12][FTP.FTPConnection]: Cant get any data from the device
[04 Mrz 2015 14:37:12][FTP.FTPConnection]: Cant get any data from the device
[04 Mrz 2015 14:37:22][FTP.FTPConnection]: Cant get any data from the device
[04 Mrz 2015 14:41:46][FTP.FTPConnection]: Cant get any data from the device
[04 Mrz 2015 14:41:58][FTP.FTPConnection]: Cant get any data from the device
