[25 Feb 2015 17:46:26][jedatacollector.Launcher]: ----------------Execute Request-----------------
[25 Feb 2015 17:46:26][jedatacollector.Launcher]: Data Source (ID,Name): (1298,Linx)
[25 Feb 2015 17:46:26][jedatacollector.Launcher]: Datapoint ID: 1319
[25 Feb 2015 17:46:26][jedatacollector.Launcher]: ------------------------------------------------
[25 Feb 2015 17:46:26][jedatacollector.Launcher]: ----------------Execute Request-----------------
[25 Feb 2015 17:46:26][jedatacollector.Launcher]: Data Source (ID,Name): (1298,Linx)
[25 Feb 2015 17:46:26][jedatacollector.Launcher]: Datapoint ID: 1330
[25 Feb 2015 17:46:26][jedatacollector.DataCollector]: Start Connection
[25 Feb 2015 17:46:26][jedatacollector.DataCollector]: Start Connection
[25 Feb 2015 17:46:26][jedatacollector.Launcher]: ------------------------------------------------
[25 Feb 2015 17:46:26][jedatacollector.Launcher]: ----------------Execute Request-----------------
[25 Feb 2015 17:46:26][jedatacollector.Launcher]: Data Source (ID,Name): (1298,Linx)
[25 Feb 2015 17:46:26][jedatacollector.Launcher]: Datapoint ID: 1322
[25 Feb 2015 17:46:26][jedatacollector.Launcher]: ------------------------------------------------
[25 Feb 2015 17:46:26][jedatacollector.Launcher]: ----------------Execute Request-----------------
[25 Feb 2015 17:46:26][jedatacollector.Launcher]: Data Source (ID,Name): (1298,Linx)
[25 Feb 2015 17:46:26][jedatacollector.Launcher]: Datapoint ID: 1332
[25 Feb 2015 17:46:26][jedatacollector.DataCollector]: Start Connection
[25 Feb 2015 17:46:26][jedatacollector.Launcher]: ------------------------------------------------
[25 Feb 2015 17:46:26][jedatacollector.Launcher]: ----------------Execute Request-----------------
[25 Feb 2015 17:46:26][jedatacollector.Launcher]: Data Source (ID,Name): (1298,Linx)
[25 Feb 2015 17:46:26][jedatacollector.Launcher]: Datapoint ID: 1320
[25 Feb 2015 17:46:26][jedatacollector.Launcher]: ------------------------------------------------
[25 Feb 2015 17:46:26][jedatacollector.Launcher]: ----------------Execute Request-----------------
[25 Feb 2015 17:46:26][jedatacollector.Launcher]: Data Source (ID,Name): (1298,Linx)
[25 Feb 2015 17:46:26][jedatacollector.Launcher]: Datapoint ID: 1331
[25 Feb 2015 17:46:26][jedatacollector.DataCollector]: Start Connection
[25 Feb 2015 17:46:26][jedatacollector.DataCollector]: Start Connection
[25 Feb 2015 17:46:26][jedatacollector.DataCollector]: Start Connection
[25 Feb 2015 17:46:26][jedatacollector.Launcher]: ------------------------------------------------
[25 Feb 2015 17:46:26][jedatacollector.Launcher]: ----------------Execute Request-----------------
[25 Feb 2015 17:46:26][jedatacollector.Launcher]: Data Source (ID,Name): (1298,Linx)
[25 Feb 2015 17:46:26][jedatacollector.Launcher]: Datapoint ID: 1302
[25 Feb 2015 17:46:26][jedatacollector.Launcher]: ------------------------------------------------
[25 Feb 2015 17:46:26][jedatacollector.Launcher]: ----------------Execute Request-----------------
[25 Feb 2015 17:46:26][jedatacollector.Launcher]: Data Source (ID,Name): (1298,Linx)
[25 Feb 2015 17:46:26][jedatacollector.Launcher]: Datapoint ID: 1310
[25 Feb 2015 17:46:26][jedatacollector.DataCollector]: Start Connection
[25 Feb 2015 17:46:26][jedatacollector.DataCollector]: Start Connection
[25 Feb 2015 17:46:26][jedatacollector.Launcher]: ------------------------------------------------
[25 Feb 2015 17:46:26][jedatacollector.Launcher]: ----------------Execute Request-----------------
[25 Feb 2015 17:46:26][jedatacollector.Launcher]: Data Source (ID,Name): (1298,Linx)
[25 Feb 2015 17:46:26][jedatacollector.Launcher]: Datapoint ID: 1304
[25 Feb 2015 17:46:26][jedatacollector.Launcher]: ------------------------------------------------
[25 Feb 2015 17:46:26][jedatacollector.Launcher]: ----------------Execute Request-----------------
[25 Feb 2015 17:46:26][jedatacollector.Launcher]: Data Source (ID,Name): (1298,Linx)
[25 Feb 2015 17:46:26][jedatacollector.Launcher]: Datapoint ID: 1312
[25 Feb 2015 17:46:26][jedatacollector.DataCollector]: Start Connection
[25 Feb 2015 17:46:26][jedatacollector.Launcher]: ------------------------------------------------
[25 Feb 2015 17:46:26][jedatacollector.Launcher]: ----------------Execute Request-----------------
[25 Feb 2015 17:46:26][jedatacollector.Launcher]: Data Source (ID,Name): (1298,Linx)
[25 Feb 2015 17:46:26][jedatacollector.Launcher]: Datapoint ID: 1318
[25 Feb 2015 17:46:26][jedatacollector.Launcher]: ------------------------------------------------
[25 Feb 2015 17:46:26][jedatacollector.Launcher]: ----------------Execute Request-----------------
[25 Feb 2015 17:46:26][jedatacollector.Launcher]: Data Source (ID,Name): (1298,Linx)
[25 Feb 2015 17:46:26][jedatacollector.Launcher]: Datapoint ID: 1329
[25 Feb 2015 17:46:26][jedatacollector.DataCollector]: Start Connection
[25 Feb 2015 17:46:26][jedatacollector.DataCollector]: Start Connection
[25 Feb 2015 17:46:26][jedatacollector.Launcher]: ------------------------------------------------
[25 Feb 2015 17:46:26][jedatacollector.Launcher]: ----------------Execute Request-----------------
[25 Feb 2015 17:46:26][jedatacollector.Launcher]: Data Source (ID,Name): (1298,Linx)
[25 Feb 2015 17:46:26][jedatacollector.Launcher]: Datapoint ID: 1301
[25 Feb 2015 17:46:26][jedatacollector.Launcher]: ------------------------------------------------
[25 Feb 2015 17:46:26][jedatacollector.Launcher]: ----------------Execute Request-----------------
[25 Feb 2015 17:46:26][jedatacollector.Launcher]: Data Source (ID,Name): (1298,Linx)
[25 Feb 2015 17:46:26][jedatacollector.Launcher]: Datapoint ID: 1309
[25 Feb 2015 17:46:26][jedatacollector.DataCollector]: Start Connection
[25 Feb 2015 17:46:26][jedatacollector.DataCollector]: Start Connection
[25 Feb 2015 17:46:26][jedatacollector.DataCollector]: Start Connection
[25 Feb 2015 17:46:26][jedatacollector.Launcher]: ------------------------------------------------
[25 Feb 2015 17:46:26][jedatacollector.Launcher]: ----------------Execute Request-----------------
[25 Feb 2015 17:46:26][jedatacollector.Launcher]: Data Source (ID,Name): (1298,Linx)
[25 Feb 2015 17:46:26][jedatacollector.Launcher]: Datapoint ID: 1317
[25 Feb 2015 17:46:26][jedatacollector.Launcher]: ------------------------------------------------
[25 Feb 2015 17:46:26][jedatacollector.Launcher]: ----------------Execute Request-----------------
[25 Feb 2015 17:46:26][jedatacollector.Launcher]: Data Source (ID,Name): (1298,Linx)
[25 Feb 2015 17:46:26][jedatacollector.Launcher]: Datapoint ID: 1328
[25 Feb 2015 17:46:26][jedatacollector.DataCollector]: Start Connection
[25 Feb 2015 17:46:26][jedatacollector.Launcher]: ------------------------------------------------
[25 Feb 2015 17:46:27][jedatacollector.Launcher]: ----------------Execute Request-----------------
[25 Feb 2015 17:46:27][jedatacollector.Launcher]: Data Source (ID,Name): (1298,Linx)
[25 Feb 2015 17:46:27][jedatacollector.Launcher]: Datapoint ID: 1303
[25 Feb 2015 17:46:27][jedatacollector.Launcher]: ------------------------------------------------
[25 Feb 2015 17:46:27][jedatacollector.Launcher]: ----------------Execute Request-----------------
[25 Feb 2015 17:46:27][jedatacollector.Launcher]: Data Source (ID,Name): (1298,Linx)
[25 Feb 2015 17:46:27][jedatacollector.Launcher]: Datapoint ID: 1311
[25 Feb 2015 17:46:27][jedatacollector.DataCollector]: Start Connection
[25 Feb 2015 17:46:27][jedatacollector.DataCollector]: Start Connection
[25 Feb 2015 17:46:27][jedatacollector.Launcher]: ------------------------------------------------
[25 Feb 2015 17:46:27][jedatacollector.Launcher]: ----------------Execute Request-----------------
[25 Feb 2015 17:46:27][jedatacollector.Launcher]: Data Source (ID,Name): (1298,Linx)
[25 Feb 2015 17:46:27][jedatacollector.Launcher]: Datapoint ID: 1339
[25 Feb 2015 17:46:27][jedatacollector.DataCollector]: Start Connection
[25 Feb 2015 17:46:27][jedatacollector.DataCollector]: Start Connection
[25 Feb 2015 17:46:27][jedatacollector.Launcher]: ------------------------------------------------
[26 Feb 2015 17:48:27][jedatacollector.DataCollector]:           
[26 Feb 2015 17:48:36][jedatacollector.DataCollector]:           
[26 Feb 2015 17:48:46][jedatacollector.DataCollector]:           
[26 Feb 2015 17:48:57][jedatacollector.DataCollector]:           
[26 Feb 2015 17:49:06][jedatacollector.DataCollector]:           
[26 Feb 2015 17:49:16][jedatacollector.DataCollector]:           
[26 Feb 2015 17:49:29][jedatacollector.DataCollector]:           
[26 Feb 2015 17:49:36][jedatacollector.DataCollector]:           
[26 Feb 2015 17:49:46][jedatacollector.DataCollector]:           
[26 Feb 2015 17:49:56][jedatacollector.DataCollector]:           
[26 Feb 2015 17:50:04][jedatacollector.DataCollector]:           
[26 Feb 2015 17:50:16][jedatacollector.DataCollector]:           
[26 Feb 2015 17:50:26][jedatacollector.DataCollector]:           
[26 Feb 2015 17:50:36][jedatacollector.DataCollector]:           
[26 Feb 2015 17:50:46][jedatacollector.DataCollector]:           
[26 Feb 2015 17:50:56][jedatacollector.DataCollector]:           
[26 Feb 2015 17:51:07][jedatacollector.DataCollector]:           
[26 Feb 2015 17:51:13][jedatacollector.DataCollector]:           
[26 Feb 2015 17:51:23][jedatacollector.DataCollector]:           
[26 Feb 2015 17:51:33][jedatacollector.DataCollector]:           
[26 Feb 2015 17:51:43][jedatacollector.DataCollector]:           
[26 Feb 2015 17:51:53][jedatacollector.DataCollector]:           
[26 Feb 2015 17:52:03][jedatacollector.DataCollector]:           
[26 Feb 2015 17:52:13][jedatacollector.DataCollector]:           
[26 Feb 2015 17:52:23][jedatacollector.DataCollector]:           
[26 Feb 2015 17:52:33][jedatacollector.DataCollector]:           
[26 Feb 2015 17:52:44][jedatacollector.DataCollector]:           
[26 Feb 2015 17:52:54][jedatacollector.DataCollector]:           
[26 Feb 2015 17:53:04][jedatacollector.DataCollector]:           
[26 Feb 2015 17:53:14][jedatacollector.DataCollector]:           
[26 Feb 2015 17:53:24][jedatacollector.DataCollector]:           
[26 Feb 2015 17:53:34][jedatacollector.DataCollector]:           
[26 Feb 2015 17:53:44][jedatacollector.DataCollector]:           
[26 Feb 2015 17:53:54][jedatacollector.DataCollector]:           
[26 Feb 2015 17:54:04][jedatacollector.DataCollector]:           
[26 Feb 2015 17:54:14][jedatacollector.DataCollector]:           
[26 Feb 2015 17:54:24][jedatacollector.DataCollector]:           
[04 Mrz 2015 13:44:57][jedatacollector.DataCollector]:           
[04 Mrz 2015 13:45:01][jedatacollector.DataCollector]:           
[04 Mrz 2015 13:45:12][jedatacollector.DataCollector]:           
[04 Mrz 2015 13:45:22][jedatacollector.DataCollector]:           
[04 Mrz 2015 13:45:32][jedatacollector.DataCollector]:           
[04 Mrz 2015 13:45:42][jedatacollector.DataCollector]:           
[04 Mrz 2015 13:45:52][jedatacollector.DataCollector]:           
[04 Mrz 2015 13:46:02][jedatacollector.DataCollector]:           
[04 Mrz 2015 13:46:12][jedatacollector.DataCollector]:           
[04 Mrz 2015 13:46:22][jedatacollector.DataCollector]:           
[04 Mrz 2015 13:46:32][jedatacollector.DataCollector]:           
[04 Mrz 2015 13:46:42][jedatacollector.DataCollector]:           
[04 Mrz 2015 13:46:52][jedatacollector.DataCollector]:           
[04 Mrz 2015 13:47:02][jedatacollector.DataCollector]:           
[04 Mrz 2015 13:47:12][jedatacollector.DataCollector]:           
[04 Mrz 2015 13:47:22][jedatacollector.DataCollector]:           
[04 Mrz 2015 13:47:32][jedatacollector.DataCollector]:           
[04 Mrz 2015 13:47:42][jedatacollector.DataCollector]:           
[04 Mrz 2015 13:47:52][jedatacollector.DataCollector]:           
[04 Mrz 2015 13:48:02][jedatacollector.DataCollector]:           
[04 Mrz 2015 13:48:12][jedatacollector.DataCollector]:           
[04 Mrz 2015 13:48:22][jedatacollector.DataCollector]:           
[04 Mrz 2015 13:48:32][jedatacollector.DataCollector]:           
[04 Mrz 2015 13:48:42][jedatacollector.DataCollector]:           
[04 Mrz 2015 13:48:52][jedatacollector.DataCollector]:           
[04 Mrz 2015 13:49:02][jedatacollector.DataCollector]:           
[04 Mrz 2015 13:49:12][jedatacollector.DataCollector]:           
[04 Mrz 2015 13:49:22][jedatacollector.DataCollector]:           
[04 Mrz 2015 13:49:32][jedatacollector.DataCollector]:           
[04 Mrz 2015 13:49:42][jedatacollector.DataCollector]:           
[04 Mrz 2015 13:49:52][jedatacollector.DataCollector]:           
[04 Mrz 2015 13:50:02][jedatacollector.DataCollector]:           
[04 Mrz 2015 13:50:54][jedatacollector.DataCollector]:           
[04 Mrz 2015 13:51:03][jedatacollector.DataCollector]:           
[04 Mrz 2015 13:51:13][jedatacollector.DataCollector]:           
[04 Mrz 2015 13:51:23][jedatacollector.DataCollector]:           
[04 Mrz 2015 13:51:33][jedatacollector.DataCollector]:           
[04 Mrz 2015 13:51:43][jedatacollector.DataCollector]:           
[04 Mrz 2015 13:51:53][jedatacollector.DataCollector]:           
[04 Mrz 2015 13:52:03][jedatacollector.DataCollector]:           
[04 Mrz 2015 13:52:15][jedatacollector.DataCollector]:           
[04 Mrz 2015 13:52:23][jedatacollector.DataCollector]:           
[04 Mrz 2015 13:52:33][jedatacollector.DataCollector]:           
[04 Mrz 2015 13:52:43][jedatacollector.DataCollector]:           
[04 Mrz 2015 13:52:53][jedatacollector.DataCollector]:           
[04 Mrz 2015 13:53:03][jedatacollector.DataCollector]:           
[04 Mrz 2015 13:53:13][jedatacollector.DataCollector]:           
[04 Mrz 2015 13:53:24][jedatacollector.DataCollector]:           
[04 Mrz 2015 13:53:33][jedatacollector.DataCollector]:           
[04 Mrz 2015 13:53:43][jedatacollector.DataCollector]:           
[04 Mrz 2015 13:53:53][jedatacollector.DataCollector]:           
[04 Mrz 2015 13:54:03][jedatacollector.DataCollector]:           
[04 Mrz 2015 13:54:13][jedatacollector.DataCollector]:           
[04 Mrz 2015 13:54:23][jedatacollector.DataCollector]:           
[04 Mrz 2015 13:54:33][jedatacollector.DataCollector]:           
[04 Mrz 2015 13:54:44][jedatacollector.DataCollector]:           
[04 Mrz 2015 13:54:53][jedatacollector.DataCollector]:           
[04 Mrz 2015 13:55:03][jedatacollector.DataCollector]:           
[04 Mrz 2015 13:55:14][jedatacollector.DataCollector]:           
[04 Mrz 2015 13:55:24][jedatacollector.DataCollector]:           
[04 Mrz 2015 13:55:34][jedatacollector.DataCollector]:           
[04 Mrz 2015 13:55:43][jedatacollector.DataCollector]:           
[04 Mrz 2015 13:55:54][jedatacollector.DataCollector]:           
[04 Mrz 2015 13:56:04][jedatacollector.DataCollector]:           
[04 Mrz 2015 13:56:14][jedatacollector.DataCollector]:           
[04 Mrz 2015 14:04:41][jedatacollector.DataCollector]:           
[04 Mrz 2015 14:04:50][jedatacollector.DataCollector]:           
[04 Mrz 2015 14:05:00][jedatacollector.DataCollector]:           
[04 Mrz 2015 14:05:10][jedatacollector.DataCollector]:           
[04 Mrz 2015 14:05:20][jedatacollector.DataCollector]:           
[04 Mrz 2015 14:05:29][jedatacollector.DataCollector]:           
[04 Mrz 2015 14:05:38][jedatacollector.DataCollector]:           
[04 Mrz 2015 14:05:50][jedatacollector.DataCollector]:           
[04 Mrz 2015 14:05:59][jedatacollector.DataCollector]:           
[04 Mrz 2015 14:06:08][jedatacollector.DataCollector]:           
[04 Mrz 2015 14:06:18][jedatacollector.DataCollector]:           
[04 Mrz 2015 14:06:30][jedatacollector.DataCollector]:           
[04 Mrz 2015 14:06:39][jedatacollector.DataCollector]:           
[04 Mrz 2015 14:06:48][jedatacollector.DataCollector]:           
[04 Mrz 2015 14:07:00][jedatacollector.DataCollector]:           
[04 Mrz 2015 14:07:10][jedatacollector.DataCollector]:           
[04 Mrz 2015 14:07:20][jedatacollector.DataCollector]:           
[04 Mrz 2015 14:09:41][jedatacollector.DataCollector]:           
[04 Mrz 2015 14:09:51][jedatacollector.DataCollector]:           
[04 Mrz 2015 14:10:01][jedatacollector.DataCollector]:           
[04 Mrz 2015 14:10:11][jedatacollector.DataCollector]:           
[04 Mrz 2015 14:10:21][jedatacollector.DataCollector]:           
[04 Mrz 2015 14:10:31][jedatacollector.DataCollector]:           
[04 Mrz 2015 14:10:41][jedatacollector.DataCollector]:           
[04 Mrz 2015 14:10:51][jedatacollector.DataCollector]:           
[04 Mrz 2015 14:11:01][jedatacollector.DataCollector]:           
[04 Mrz 2015 14:11:11][jedatacollector.DataCollector]:           
[04 Mrz 2015 14:11:21][jedatacollector.DataCollector]:           
[04 Mrz 2015 14:11:31][jedatacollector.DataCollector]:           
[04 Mrz 2015 14:11:41][jedatacollector.DataCollector]:           
[04 Mrz 2015 14:11:52][jedatacollector.DataCollector]:           
[04 Mrz 2015 14:12:01][jedatacollector.DataCollector]:           
[04 Mrz 2015 14:12:11][jedatacollector.DataCollector]:           
[04 Mrz 2015 14:12:21][jedatacollector.DataCollector]:           
[04 Mrz 2015 14:12:31][jedatacollector.DataCollector]:           
[04 Mrz 2015 14:12:41][jedatacollector.DataCollector]:           
[04 Mrz 2015 14:12:51][jedatacollector.DataCollector]:           
[04 Mrz 2015 14:13:01][jedatacollector.DataCollector]:           
[04 Mrz 2015 14:13:11][jedatacollector.DataCollector]:           
[04 Mrz 2015 14:13:21][jedatacollector.DataCollector]:           
[04 Mrz 2015 14:13:31][jedatacollector.DataCollector]:           
[04 Mrz 2015 14:13:41][jedatacollector.DataCollector]:           
[04 Mrz 2015 14:13:52][jedatacollector.DataCollector]:           
[04 Mrz 2015 14:14:01][jedatacollector.DataCollector]:           
[04 Mrz 2015 14:14:11][jedatacollector.DataCollector]:           
[04 Mrz 2015 14:14:21][jedatacollector.DataCollector]:           
[04 Mrz 2015 14:14:31][jedatacollector.DataCollector]:           
[04 Mrz 2015 14:14:41][jedatacollector.DataCollector]:           
[04 Mrz 2015 14:18:56][jedatacollector.DataCollector]:           
[04 Mrz 2015 14:19:05][jedatacollector.DataCollector]:           
[04 Mrz 2015 14:19:15][jedatacollector.DataCollector]:           
[04 Mrz 2015 14:19:25][jedatacollector.DataCollector]:           
[04 Mrz 2015 14:19:35][jedatacollector.DataCollector]:           
[04 Mrz 2015 14:19:45][jedatacollector.DataCollector]:           
[04 Mrz 2015 14:19:55][jedatacollector.DataCollector]:           
[04 Mrz 2015 14:20:06][jedatacollector.DataCollector]:           
[04 Mrz 2015 14:20:15][jedatacollector.DataCollector]:           
[04 Mrz 2015 14:20:26][jedatacollector.DataCollector]:           
[04 Mrz 2015 14:22:08][jedatacollector.DataCollector]:           
[04 Mrz 2015 14:22:17][jedatacollector.DataCollector]:           
[04 Mrz 2015 14:24:43][jedatacollector.DataCollector]:           
[04 Mrz 2015 14:24:52][jedatacollector.DataCollector]:           
[04 Mrz 2015 14:25:02][jedatacollector.DataCollector]:           
[04 Mrz 2015 14:25:12][jedatacollector.DataCollector]:           
[04 Mrz 2015 14:25:22][jedatacollector.DataCollector]:           
[04 Mrz 2015 14:25:32][jedatacollector.DataCollector]:           
[04 Mrz 2015 14:25:42][jedatacollector.DataCollector]:           
[04 Mrz 2015 14:25:52][jedatacollector.DataCollector]:           
[04 Mrz 2015 14:26:02][jedatacollector.DataCollector]:           
[04 Mrz 2015 14:28:25][jedatacollector.DataCollector]:           
[04 Mrz 2015 14:28:36][jedatacollector.DataCollector]:           
[04 Mrz 2015 14:28:44][jedatacollector.DataCollector]:           
[04 Mrz 2015 14:28:56][jedatacollector.DataCollector]:           
[04 Mrz 2015 14:29:04][jedatacollector.DataCollector]:           
[04 Mrz 2015 14:29:14][jedatacollector.DataCollector]:           
[04 Mrz 2015 14:36:04][jedatacollector.DataCollector]:           
[04 Mrz 2015 14:36:14][jedatacollector.DataCollector]:           
[04 Mrz 2015 14:36:24][jedatacollector.DataCollector]:           
[04 Mrz 2015 14:36:34][jedatacollector.DataCollector]:           
[04 Mrz 2015 14:36:44][jedatacollector.DataCollector]:           
[04 Mrz 2015 14:36:54][jedatacollector.DataCollector]:           
[04 Mrz 2015 14:37:04][jedatacollector.DataCollector]:           
[04 Mrz 2015 14:37:14][jedatacollector.DataCollector]:           
[04 Mrz 2015 14:37:24][jedatacollector.DataCollector]:           
[04 Mrz 2015 14:37:34][jedatacollector.DataCollector]:           
[04 Mrz 2015 14:37:44][jedatacollector.DataCollector]:           
[04 Mrz 2015 14:37:54][jedatacollector.DataCollector]:           
[04 Mrz 2015 14:38:04][jedatacollector.DataCollector]:           
[04 Mrz 2015 14:38:14][jedatacollector.DataCollector]:           
[04 Mrz 2015 14:38:24][jedatacollector.DataCollector]:           
[04 Mrz 2015 14:38:34][jedatacollector.DataCollector]:           
[04 Mrz 2015 14:41:38][jedatacollector.DataCollector]:           
[04 Mrz 2015 14:41:48][jedatacollector.DataCollector]:           
[04 Mrz 2015 14:41:58][jedatacollector.DataCollector]:           
[04 Mrz 2015 14:42:08][jedatacollector.DataCollector]:           
[04 Mrz 2015 14:42:18][jedatacollector.DataCollector]:           
[04 Mrz 2015 14:42:28][jedatacollector.DataCollector]:           
[04 Mrz 2015 14:42:39][jedatacollector.DataCollector]:           
[05 Mrz 2015 14:57:51][jedatacollector.DataCollector]:           
[05 Mrz 2015 14:58:00][jedatacollector.DataCollector]:           
[05 Mrz 2015 14:58:11][jedatacollector.DataCollector]:           
[05 Mrz 2015 14:58:21][jedatacollector.DataCollector]:           
[05 Mrz 2015 14:58:31][jedatacollector.DataCollector]:           
[05 Mrz 2015 14:58:41][jedatacollector.DataCollector]:           
[05 Mrz 2015 14:58:51][jedatacollector.DataCollector]:           
[05 Mrz 2015 14:59:01][jedatacollector.DataCollector]:           
[05 Mrz 2015 14:59:11][jedatacollector.DataCollector]:           
[06 Mrz 2015 16:26:12][SOAP.SOAPConnection]: com.sun.xml.internal.messaging.saaj.SOAPExceptionImpl: Message send failed
[06 Mrz 2015 16:26:12][jedatacollector.DataCollector]:           
