[25 Feb 2015 17:46:27][jedatacollector.Launcher]: ----------------Execute Request-----------------
[25 Feb 2015 17:46:27][jedatacollector.Launcher]: Data Source (ID,Name): (1173,Linx UI 5,6 (ftp))
[25 Feb 2015 17:46:27][jedatacollector.Launcher]: Datapoint ID: 1193
[25 Feb 2015 17:46:27][jedatacollector.Launcher]: ------------------------------------------------
[25 Feb 2015 17:46:27][jedatacollector.DataCollector]: Start Connection
[25 Feb 2015 17:46:27][FTP.FTPConnection]: SendSampleRequest
[25 Feb 2015 17:46:28][FTP.FTPConnection]: FileInputName: /data/trend/Trend_L1_1_UI6_Input_10C5.csv
[25 Feb 2015 17:46:28][FTP.FTPConnection]: FTPQuery /data/trend/Trend_L1_1_UI6_Input_10C5.csv
[25 Feb 2015 17:46:39][FTP.FTPConnection]: Request status: true
[25 Feb 2015 17:46:39][jedatacollector.DataCollector]: Start Parsing
[25 Feb 2015 17:46:39][csvParsing.CSVParsing]: Start CSV parsing
[25 Feb 2015 17:46:39][csvParsing.CSVParsing]: Count of lines2912
[25 Feb 2015 17:46:39][csvParsing.CSVParsing]: File Path: /data/trend/Trend_L1_1_UI6_Input_10C5.csv
[25 Feb 2015 17:46:39][csvParsing.CSVParsing]: Value is not valid in line: 870,255,0,1,2015-02-05 06:47:56
[25 Feb 2015 17:46:39][csvParsing.CSVParsing]: Value Index: 5
[25 Feb 2015 17:46:39][csvParsing.CSVParsing]: Value is not valid in line: 871,255,0,0,2015-02-05 06:48:05
[25 Feb 2015 17:46:39][csvParsing.CSVParsing]: Value Index: 5
[25 Feb 2015 17:46:39][csvParsing.CSVParsing]: Value is not valid in line: 872,255,9,-12,2015-02-05 06:54:58
[25 Feb 2015 17:46:39][csvParsing.CSVParsing]: Value Index: 5
[25 Feb 2015 17:46:39][csvParsing.CSVParsing]: Value is not valid in line: 873,255,9,-59081,2015-02-04 14:31:00
[25 Feb 2015 17:46:39][csvParsing.CSVParsing]: Value Index: 5
[25 Feb 2015 17:46:39][csvParsing.CSVParsing]: Value is not valid in line: 1633,255,0,1,2015-02-12 12:18:25
[25 Feb 2015 17:46:39][csvParsing.CSVParsing]: Value Index: 5
[25 Feb 2015 17:46:39][csvParsing.CSVParsing]: Value is not valid in line: 1634,255,0,0,2015-02-12 12:22:27
[25 Feb 2015 17:46:39][csvParsing.CSVParsing]: Value Index: 5
[25 Feb 2015 17:46:39][csvParsing.CSVParsing]: LastResult (Date,Target,Value): 2015-02-25T17:45:00.000+01:00,1194,0.0
[25 Feb 2015 17:46:39][jedatacollector.DataCollector]: Import Data
[25 Feb 2015 17:46:39][outputHandler.JEVisOutputHandler]: Number of imported Data overall: 2898
[25 Feb 2015 17:46:39][outputHandler.JEVisOutputHandler]: 2898Samples imported into ID: 1194
[04 Mrz 2015 14:19:42][FTP.FTPConnection]: No connection possible
[04 Mrz 2015 14:19:42][FTP.FTPConnection]: Data Source ID: 1173
[04 Mrz 2015 14:19:42][FTP.FTPConnection]: SSL: false
[04 Mrz 2015 14:19:42][FTP.FTPConnection]: Server: 192.168.2.254
[04 Mrz 2015 14:19:42][FTP.FTPConnection]: Port: 21  
[04 Mrz 2015 14:19:42][FTP.FTPConnection]: ConnectionTimeout: 30
[04 Mrz 2015 14:19:42][FTP.FTPConnection]: ReadTimeout: 200
[04 Mrz 2015 14:19:42][FTP.FTPConnection]: Username: admin
[04 Mrz 2015 14:19:42][FTP.FTPConnection]: Password: envidatec4u
[04 Mrz 2015 14:19:42][FTP.FTPConnection]: Timezone: Europe/Berlin
[04 Mrz 2015 14:19:42][FTP.FTPConnection]: Enabled: true
[04 Mrz 2015 14:19:42][connection.ConnectionHelper]: Error while searching a matching file
[04 Mrz 2015 14:19:42][connection.ConnectionHelper]: Folder: /data/trend/
[04 Mrz 2015 14:19:42][connection.ConnectionHelper]: FileName: Trend_L1_1_UI5_Input_10C8.csv
[04 Mrz 2015 14:19:42][connection.ConnectionHelper]:           
[04 Mrz 2015 14:19:42][FTP.FTPConnection]: Cant get any data from the device
[04 Mrz 2015 14:19:52][FTP.FTPConnection]: No connection possible
[04 Mrz 2015 14:19:52][FTP.FTPConnection]: Data Source ID: 1173
[04 Mrz 2015 14:19:52][FTP.FTPConnection]: SSL: false
[04 Mrz 2015 14:19:52][FTP.FTPConnection]: Server: 192.168.2.254
[04 Mrz 2015 14:19:52][FTP.FTPConnection]: Port: 21  
[04 Mrz 2015 14:19:52][FTP.FTPConnection]: ConnectionTimeout: 30
[04 Mrz 2015 14:19:52][FTP.FTPConnection]: ReadTimeout: 200
[04 Mrz 2015 14:19:52][FTP.FTPConnection]: Username: admin
[04 Mrz 2015 14:19:52][FTP.FTPConnection]: Password: envidatec4u
[04 Mrz 2015 14:19:52][FTP.FTPConnection]: Timezone: Europe/Berlin
[04 Mrz 2015 14:19:52][FTP.FTPConnection]: Enabled: true
[04 Mrz 2015 14:19:52][connection.ConnectionHelper]: Error while searching a matching file
[04 Mrz 2015 14:19:52][connection.ConnectionHelper]: Folder: /data/trend/
[04 Mrz 2015 14:19:52][connection.ConnectionHelper]: FileName: Trend_L1_1_UI6_Input_10C5.csv
[04 Mrz 2015 14:19:52][connection.ConnectionHelper]:           
[04 Mrz 2015 14:19:52][FTP.FTPConnection]: Cant get any data from the device
