[25 Feb 2015 17:46:27][jedatacollector.Launcher]: ----------------Execute Request-----------------
[25 Feb 2015 17:46:27][jedatacollector.Launcher]: Data Source (ID,Name): (1208,Linx UI 1 (sftp))
[25 Feb 2015 17:46:27][jedatacollector.Launcher]: Datapoint ID: 1211
[25 Feb 2015 17:46:27][jedatacollector.Launcher]: ------------------------------------------------
[25 Feb 2015 17:46:27][jedatacollector.DataCollector]: Start Connection
[25 Feb 2015 17:46:29][FTP.SFTPConnection]: SendSampleRequest
[25 Feb 2015 17:46:29][FTP.SFTPConnection]: FileInputName: /data/trend/Trend_L1_1_UI1_Input_10C6.csv
[25 Feb 2015 17:46:30][jedatacollector.DataCollector]: Start Parsing
[25 Feb 2015 17:46:30][csvParsing.CSVParsing]: Start CSV parsing
[25 Feb 2015 17:46:30][csvParsing.CSVParsing]: Count of lines2912
[25 Feb 2015 17:46:30][csvParsing.CSVParsing]: File Path: /data/trend/Trend_L1_1_UI1_Input_10C6.csv
[25 Feb 2015 17:46:30][csvParsing.CSVParsing]: Value is not valid in line: 870,255,0,1,2015-02-05 06:47:56
[25 Feb 2015 17:46:30][csvParsing.CSVParsing]: Value Index: 5
[25 Feb 2015 17:46:30][csvParsing.CSVParsing]: Value is not valid in line: 871,255,0,0,2015-02-05 06:48:05
[25 Feb 2015 17:46:30][csvParsing.CSVParsing]: Value Index: 5
[25 Feb 2015 17:46:30][csvParsing.CSVParsing]: Value is not valid in line: 872,255,9,-12,2015-02-05 06:54:58
[25 Feb 2015 17:46:30][csvParsing.CSVParsing]: Value Index: 5
[25 Feb 2015 17:46:30][csvParsing.CSVParsing]: Value is not valid in line: 873,255,9,-59081,2015-02-04 14:31:00
[25 Feb 2015 17:46:30][csvParsing.CSVParsing]: Value Index: 5
[25 Feb 2015 17:46:30][csvParsing.CSVParsing]: Value is not valid in line: 1633,255,0,1,2015-02-12 12:18:25
[25 Feb 2015 17:46:30][csvParsing.CSVParsing]: Value Index: 5
[25 Feb 2015 17:46:30][csvParsing.CSVParsing]: Value is not valid in line: 1634,255,0,0,2015-02-12 12:22:27
[25 Feb 2015 17:46:30][csvParsing.CSVParsing]: Value Index: 5
[25 Feb 2015 17:46:30][csvParsing.CSVParsing]: LastResult (Date,Target,Value): 2015-02-25T17:45:01.000+01:00,1176,0.0
[25 Feb 2015 17:46:30][jedatacollector.DataCollector]: Import Data
[25 Feb 2015 17:46:30][outputHandler.JEVisOutputHandler]: Number of imported Data overall: 2898
[25 Feb 2015 17:46:31][outputHandler.JEVisOutputHandler]: 2898Samples imported into ID: 1176
[25 Feb 2015 18:21:41][jedatacollector.Launcher]: ----------------Execute Request-----------------
[25 Feb 2015 18:21:41][jedatacollector.Launcher]: Data Source (ID,Name): (1208,Linx UI 1 (sftp))
[25 Feb 2015 18:21:41][jedatacollector.Launcher]: Datapoint ID: 1211
[25 Feb 2015 18:21:41][jedatacollector.Launcher]: ------------------------------------------------
[25 Feb 2015 18:21:41][jedatacollector.DataCollector]: Start Connection
[25 Feb 2015 18:21:43][FTP.SFTPConnection]: SendSampleRequest
[25 Feb 2015 18:21:43][FTP.SFTPConnection]: FileInputName: /data/trend/Trend_L1_1_UI1_Input_10C6.csv
[25 Feb 2015 18:21:43][jedatacollector.DataCollector]: Start Parsing
[25 Feb 2015 18:21:43][csvParsing.CSVParsing]: Start CSV parsing
[25 Feb 2015 18:21:43][csvParsing.CSVParsing]: Count of lines2914
[25 Feb 2015 18:21:43][csvParsing.CSVParsing]: File Path: /data/trend/Trend_L1_1_UI1_Input_10C6.csv
[25 Feb 2015 18:21:44][csvParsing.CSVParsing]: Value is not valid in line: 870,255,0,1,2015-02-05 06:47:56
[25 Feb 2015 18:21:44][csvParsing.CSVParsing]: Value Index: 5
[25 Feb 2015 18:21:44][csvParsing.CSVParsing]: Value is not valid in line: 871,255,0,0,2015-02-05 06:48:05
[25 Feb 2015 18:21:44][csvParsing.CSVParsing]: Value Index: 5
[25 Feb 2015 18:21:44][csvParsing.CSVParsing]: Value is not valid in line: 872,255,9,-12,2015-02-05 06:54:58
[25 Feb 2015 18:21:44][csvParsing.CSVParsing]: Value Index: 5
[25 Feb 2015 18:21:44][csvParsing.CSVParsing]: Value is not valid in line: 873,255,9,-59081,2015-02-04 14:31:00
[25 Feb 2015 18:21:44][csvParsing.CSVParsing]: Value Index: 5
[25 Feb 2015 18:21:44][csvParsing.CSVParsing]: Value is not valid in line: 1633,255,0,1,2015-02-12 12:18:25
[25 Feb 2015 18:21:44][csvParsing.CSVParsing]: Value Index: 5
[25 Feb 2015 18:21:44][csvParsing.CSVParsing]: Value is not valid in line: 1634,255,0,0,2015-02-12 12:22:27
[25 Feb 2015 18:21:44][csvParsing.CSVParsing]: Value Index: 5
[25 Feb 2015 18:21:44][csvParsing.CSVParsing]: LastResult (Date,Target,Value): 2015-02-25T18:15:01.000+01:00,1176,0.0
[25 Feb 2015 18:21:44][jedatacollector.DataCollector]: Import Data
[25 Feb 2015 18:21:44][outputHandler.JEVisOutputHandler]: Number of imported Data overall: 2900
[25 Feb 2015 18:21:44][outputHandler.JEVisOutputHandler]: 2900Samples imported into ID: 1176
