[25 Feb 2015 17:46:27][jedatacollector.Launcher]: ----------------Execute Request-----------------
[25 Feb 2015 17:46:27][jedatacollector.Launcher]: Data Source (ID,Name): (1267,VIDA Server Reck Meters (http))
[25 Feb 2015 17:46:27][jedatacollector.Launcher]: Datapoint ID: 1283
[25 Feb 2015 17:46:27][jedatacollector.DataCollector]: Start Connection
[25 Feb 2015 17:46:27][jedatacollector.Launcher]: ------------------------------------------------
[25 Feb 2015 17:46:27][jedatacollector.Launcher]: ----------------Execute Request-----------------
[25 Feb 2015 17:46:27][jedatacollector.Launcher]: Data Source (ID,Name): (1267,VIDA Server Reck Meters (http))
[25 Feb 2015 17:46:27][jedatacollector.Launcher]: Datapoint ID: 1285
[25 Feb 2015 17:46:27][jedatacollector.Launcher]: ------------------------------------------------
[25 Feb 2015 17:46:27][HTTP.HTTPConnection]: Connection URL: http://10.247.82.48
[25 Feb 2015 17:46:27][jedatacollector.DataCollector]: Start Connection
[25 Feb 2015 17:46:27][HTTP.HTTPConnection]: Connection URL: http://10.247.82.48
[25 Feb 2015 17:46:57][HTTP.HTTPConnection]: connect timed out
[25 Feb 2015 17:46:57][HTTP.HTTPConnection]: connect timed out
[25 Feb 2015 18:09:09][HTTP.HTTPConnection]: connect timed out
[25 Feb 2015 18:09:10][HTTP.HTTPConnection]: connect timed out
[25 Feb 2015 18:10:47][HTTP.HTTPConnection]: connect timed out
[25 Feb 2015 18:12:46][HTTP.HTTPConnection]: connect timed out
[25 Feb 2015 18:12:47][HTTP.HTTPConnection]: connect timed out
[25 Feb 2015 18:37:51][HTTP.HTTPConnection]: connect timed out
[25 Feb 2015 18:37:51][HTTP.HTTPConnection]: connect timed out
[25 Feb 2015 18:37:51][HTTP.HTTPConnection]: connect timed out
[25 Feb 2015 18:44:34][HTTP.HTTPConnection]: connect timed out
[25 Feb 2015 18:44:34][HTTP.HTTPConnection]: connect timed out
[25 Feb 2015 18:44:34][HTTP.HTTPConnection]: connect timed out
[26 Feb 2015 17:49:33][HTTP.HTTPConnection]: connect timed out
[26 Feb 2015 17:49:33][jedatacollector.DataCollector]:           
[26 Feb 2015 17:50:13][HTTP.HTTPConnection]: connect timed out
[26 Feb 2015 17:50:13][jedatacollector.DataCollector]:           
[26 Feb 2015 17:50:53][HTTP.HTTPConnection]: connect timed out
[26 Feb 2015 17:50:53][jedatacollector.DataCollector]:           
[04 Mrz 2015 13:45:59][HTTP.HTTPConnection]: connect timed out
[04 Mrz 2015 13:45:59][jedatacollector.DataCollector]:           
[04 Mrz 2015 13:46:39][HTTP.HTTPConnection]: connect timed out
[04 Mrz 2015 13:46:39][jedatacollector.DataCollector]:           
[04 Mrz 2015 13:47:19][HTTP.HTTPConnection]: connect timed out
[04 Mrz 2015 13:47:19][jedatacollector.DataCollector]:           
[04 Mrz 2015 13:52:00][HTTP.HTTPConnection]: connect timed out
[04 Mrz 2015 13:52:00][jedatacollector.DataCollector]:           
[04 Mrz 2015 13:52:40][HTTP.HTTPConnection]: connect timed out
[04 Mrz 2015 13:52:40][jedatacollector.DataCollector]:           
[04 Mrz 2015 13:53:20][HTTP.HTTPConnection]: connect timed out
[04 Mrz 2015 13:53:20][jedatacollector.DataCollector]:           
[04 Mrz 2015 14:05:47][HTTP.HTTPConnection]: connect timed out
[04 Mrz 2015 14:05:47][jedatacollector.DataCollector]:           
[04 Mrz 2015 14:06:27][HTTP.HTTPConnection]: connect timed out
[04 Mrz 2015 14:06:27][jedatacollector.DataCollector]:           
[04 Mrz 2015 14:07:07][HTTP.HTTPConnection]: connect timed out
[04 Mrz 2015 14:07:07][jedatacollector.DataCollector]:           
[04 Mrz 2015 14:10:48][HTTP.HTTPConnection]: connect timed out
[04 Mrz 2015 14:10:48][jedatacollector.DataCollector]:           
[04 Mrz 2015 14:11:28][HTTP.HTTPConnection]: connect timed out
[04 Mrz 2015 14:11:28][jedatacollector.DataCollector]:           
[04 Mrz 2015 14:12:08][HTTP.HTTPConnection]: connect timed out
[04 Mrz 2015 14:12:08][jedatacollector.DataCollector]:           
[04 Mrz 2015 14:20:02][HTTP.HTTPConnection]: connect timed out
[04 Mrz 2015 14:20:02][jedatacollector.DataCollector]:           
[04 Mrz 2015 14:25:49][HTTP.HTTPConnection]: connect timed out
[04 Mrz 2015 14:25:49][jedatacollector.DataCollector]:           
[04 Mrz 2015 14:37:11][HTTP.HTTPConnection]: connect timed out
[04 Mrz 2015 14:37:11][jedatacollector.DataCollector]:           
[04 Mrz 2015 14:37:51][HTTP.HTTPConnection]: connect timed out
[04 Mrz 2015 14:37:51][jedatacollector.DataCollector]:           
[04 Mrz 2015 14:38:31][HTTP.HTTPConnection]: connect timed out
[04 Mrz 2015 14:38:31][jedatacollector.DataCollector]:           
[06 Mrz 2015 16:27:15][HTTP.HTTPConnection]: connect timed out
[06 Mrz 2015 16:27:15][jedatacollector.DataCollector]:           
